 diameters
 0.1000000000000000D-02
 0.1202264434617413D-02
 0.1445439770745928D-02
 0.1737800828749376D-02
 0.2089296130854040D-02
 0.2511886431509580D-02
 0.3019951720402017D-02
 0.3630780547701014D-02
 0.4365158322401660D-02
 0.5248074602497727D-02
 0.6309573444801934D-02
 0.7585775750291838D-02
 0.9120108393559099D-02
 0.1096478196143185D-01
 0.1318256738556407D-01
 0.1584893192461114D-01
 0.1905460717963248D-01
 0.2290867652767774D-01
 0.2754228703338168D-01
 0.3311311214825911D-01
 0.3981071705534973D-01
 0.4786300923226386D-01
 0.5754399373371569D-01
 0.6918309709189366D-01
 0.8317637711026712D-01
 0.1000000000000000D+00
 0.1202264434617414D+00
 0.1445439770745928D+00
 0.1737800828749375D+00
 0.2089296130854040D+00
 0.2511886431509581D+00
 0.3019951720402017D+00
 0.3630780547701015D+00
 0.4365158322401662D+00
 0.5248074602497730D+00
 0.6309573444801938D+00
 0.7585775750291844D+00
 0.9120108393559099D+00
 0.1096478196143186D+01
 0.1318256738556407D+01
 0.1584893192461114D+01
 0.1905460717963249D+01
 0.2290867652767775D+01
 0.2754228703338169D+01
 0.3311311214825912D+01
 0.3981071705534977D+01
 0.4786300923226385D+01
 0.5754399373371577D+01
 0.6918309709189369D+01
 0.8317637711026709D+01
 0.1000000000000001D+02
 ************************************
 0.1000000000000000D-02   0.0000000000000000D+00   0.0000000000000000D+00   0.0000000000000000D+00   0.0000000000000000D+00   0.0000000000000000D+00   0.1060429476441166D-14
 0.1000000000000000D-02   0.0000000000000000D+00   0.0000000000000000D+00   0.0000000000000000D+00   0.0000000000000000D+00   0.0000000000000000D+00   0.1060429476441166D-14
 0.1202264434617413D-02   0.0000000000000000D+00   0.0000000000000000D+00   0.0000000000000000D+00   0.0000000000000000D+00   0.0000000000000000D+00   0.1076588633596455D-14
 0.1202264434617413D-02   0.0000000000000000D+00   0.0000000000000000D+00   0.0000000000000000D+00   0.0000000000000000D+00   0.0000000000000000D+00   0.1076588633596455D-14
 0.1445439770745928D-02   0.0000000000000000D+00   0.0000000000000000D+00   0.0000000000000000D+00   0.0000000000000000D+00   0.0000000000000000D+00   0.1053189765557165D-14
 0.1445439770745928D-02   0.0000000000000000D+00   0.0000000000000000D+00   0.0000000000000000D+00   0.0000000000000000D+00   0.0000000000000000D+00   0.1053189765557165D-14
 0.1737800828749376D-02   0.0000000000000000D+00   0.   0.0000000000000000D+00   0.0000000000000000D+00   0.0000000000000000D+00   0.1134584737506961D-14
 0.1737800828749376D-02   0.0000000000000000D+00   0.   0.0000000000000000D+00   0.0000000000000000D+00   0.0000000000000000D+00   0.1134584737506961D-14
 0.2089296130854040D-02   0.0000000000000000D+00   0.   0.0000000000000000D+00   0.0000000000000000D+00   0.0000000000000000D+00   0.1131082464524576D-14
 0.2089296130854040D-02   0.0000000000000000D+00   0.   0.0000000000000000D+00   0.0000000000000000D+00   0.0000000000000000D+00   0.1131082464524576D-14
 0.2511886431509580D-02   0.0000000000000000D+00   0.2493492486383092D-92   0.0000000000000000D+00   0.0000000000000000D+00   0.0000000000000000D+00   0.1091459093346411D-14
 0.2511886431509580D-02   0.0000000000000000D+00   0.2493492486383092D-92   0.0000000000000000D+00   0.0000000000000000D+00   0.0000000000000000D+00   0.1091459093346411D-14
 0.3019951720402017D-02   0.0000000000000000D+00   0.2888056811654421D-68   0.0000000000000000D+00   0.0000000000000000D+00   0.0000000000000000D+00   0.1075541909441728D-14
 0.3019951720402017D-02   0.0000000000000000D+00   0.2888056811654421D-68   0.0000000000000000D+00   0.0000000000000000D+00   0.0000000000000000D+00   0.1075541909441728D-14
 0.3630780547701014D-02   0.0000000000000000D+00   0.2413399219917238D-49   0.0000000000000000D+00   0.0000000000000000D+00   0.0000000000000000D+00   0.1062188882044200D-14
 0.3630780547701014D-02   0.0000000000000000D+00   0.2413399219917238D-49   0.0000000000000000D+00   0.0000000000000000D+00   0.0000000000000000D+00   0.1062188882044200D-14
 0.4365158322401660D-02   0.0000000000000000D+00   0.5561045822222969D-35   0.0000000000000000D+00   0.0000000000000000D+00   0.0000000000000000D+00   0.1118503957691171D-14
 0.4365158322401660D-02   0.0000000000000000D+00   0.5561045822222969D-35   0.0000000000000000D+00   0.0000000000000000D+00   0.0000000000000000D+00   0.1118503957691171D-14
 0.5248074602497727D-02   0.0000000000000000D+00   0.3382933187518296D-24   0.0000000000000000D+00   0.0000000000000000D+00   0.0000000000000000D+00   0.1052515431016992D-14
 0.5248074602497727D-02   0.0000000000000000D+00   0.3382933187518296D-24   0.0000000000000000D+00   0.0000000000000000D+00   0.0000000000000000D+00   0.1052515431016992D-14
 0.6309573444801934D-02   0.0000000000000000D+00   0.3525844527723723D-16   0.0000000000000000D+00   0.0000000000000000D+00   0.0000000000000000D+00   0.1091818781457337D-14
 0.6309573444801934D-02   0.0000000000000000D+00   0.3525844527723723D-16   0.0000000000000000D+00   0.0000000000000000D+00   0.0000000000000000D+00   0.1091818781457337D-14
 0.7585775750291838D-02   0.0000000000000000D+00   0.8666647811110590D-12   0.0000000000000000D+00   0.0000000000000000D+00   0.0000000000000000D+00   0.9065883529676895D-12
 0.7585775750291838D-02   0.0000000000000000D+00   0.8666647811110590D-12   0.0000000000000000D+00   0.0000000000000000D+00   0.0000000000000000D+00   0.9065883529676895D-12
 0.9120108393559099D-02   0.0000000000000000D+00   0.6737667571631698D-09   0.0000000000000000D+00   0.0000000000000000D+00   0.0000000000000000D+00   0.7048043349331207D-09
 0.9120108393559099D-02   0.0000000000000000D+00   0.6737667571631698D-09   0.0000000000000000D+00   0.0000000000000000D+00   0.0000000000000000D+00   0.7048043349331207D-09
 0.1096478196143185D-01   0.0000000000000000D+00   0.9695636063832781D-07   0.0000000000000000D+00   0.0000000000000000D+00   0.0000000000000000D+00   0.1014227290835058D-06
 0.1096478196143185D-01   0.0000000000000000D+00   0.9695636063832781D-07   0.0000000000000000D+00   0.0000000000000000D+00   0.0000000000000000D+00   0.1014227290835058D-06
 0.1318256738556407D-01   0.0000000000000000D+00   0.4014359920935497D-05   0.0000000000000000D+00   0.0000000000000000D+00   0.0000000000000000D+00   0.4199284461836274D-05
 0.1318256738556407D-01   0.0000000000000000D+00   0.4014359920935497D-05   0.0000000000000000D+00   0.0000000000000000D+00   0.0000000000000000D+00   0.4199284461836274D-05
 0.1584893192461114D-01   0.0000000000000000D+00   0.6643718956025419D-04   0.0000000000000000D+00   0.0000000000000000D+00   0.0000000000000000D+00   0.6949766919340693D-04
 0.1584893192461114D-01   0.0000000000000000D+00   0.6643718956025419D-04   0.0000000000000000D+00   0.0000000000000000D+00   0.0000000000000000D+00   0.6949766919340693D-04
 0.1905460717963248D-01   0.0000000000000000D+00   0.5626291755055741D-03   0.0000000000000000D+00   0.0000000000000000D+00   0.0000000000000000D+00   0.5885471161055549D-03
 0.1905460717963248D-01   0.0000000000000000D+00   0.5626291755055741D-03   0.0000000000000000D+00   0.0000000000000000D+00   0.0000000000000000D+00   0.5885471161055549D-03
 0.2290867652767774D-01   0.0000000000000000D+00   0.2938430321282012D-02   0.0000000000000000D+00   0.0000000000000000D+00   0.0000000000000000D+00   0.3073791347406785D-02
 0.2290867652767774D-01   0.0000000000000000D+00   0.2938430321282012D-02   0.0000000000000000D+00   0.0000000000000000D+00   0.0000000000000000D+00   0.3073791347406785D-02
 0.2754228703338168D-01   0.0000000000000000D+00   0.1090842028787724D-01   0.0000000000000000D+00   0.0000000000000000D+00   0.0000000000000000D+00   0.1141092495946091D-01
 0.2754228703338168D-01   0.0000000000000000D+00   0.1090842028787724D-01   0.0000000000000000D+00   0.0000000000000000D+00   0.0000000000000000D+00   0.1141092495946091D-01
 0.3311311214825911D-01   0.0000000000000000D+00   0.3205236046170568D-01   0.0000000000000000D+00   0.0000000000000000D+00   0.0000000000000000D+00   0.3352887680799923D-01
 0.3311311214825911D-01   0.0000000000000000D+00   0.3205236046170568D-01   0.0000000000000000D+00   0.0000000000000000D+00   0.0000000000000000D+00   0.3352887680799923D-01
 0.3981071705534973D-01   0.0000000000000000D+00   0.8065358150054938D-01   0.0000000000000000D+00   0.0000000000000000D+00   0.0000000000000000D+00   0.8436895003370179D-01
 0.3981071705534973D-01   0.0000000000000000D+00   0.8065358150054938D-01   0.0000000000000000D+00   0.0000000000000000D+00   0.0000000000000000D+00   0.8436895003370179D-01
 0.4786300923226386D-01   0.0000000000000000D+00   0.1830174449081095D+00   0.0000000000000000D+00   0.0000000000000000D+00   0.0000000000000000D+00   0.1914482826115153D+00
 0.4786300923226386D-01   0.0000000000000000D+00   0.1830174449081095D+00   0.0000000000000000D+00   0.0000000000000000D+00   0.0000000000000000D+00   0.1914482826115153D+00
 0.5754399373371569D-01   0.0000000000000000D+00   0.3841864831249040D+00   0.0000000000000000D+00   0.0000000000000000D+00   0.0000000000000000D+00   0.4018843254737281D+00
 0.5754399373371569D-01   0.0000000000000000D+00   0.3841864831249040D+00   0.0000000000000000D+00   0.0000000000000000D+00   0.0000000000000000D+00   0.4018843254737281D+00
 0.6918309709189366D-01   0.0000000000000000D+00   0.7497417115620428D+00   0.0000000000000000D+00   0.0000000000000000D+00   0.0000000000000000D+00   0.7842791333516811D+00
 0.6918309709189366D-01   0.0000000000000000D+00   0.7497417115620428D+00   0.0000000000000000D+00   0.0000000000000000D+00   0.0000000000000000D+00   0.7842791333516811D+00
 0.8317637711026712D-01   0.0000000000000000D+00   0.1352253391864644D+01   0.0000000000000000D+00   0.0000000000000000D+00   0.0000000000000000D+00   0.1414545972150720D+01
 0.8317637711026712D-01   0.0000000000000000D+00   0.1352253391864644D+01   0.0000000000000000D+00   0.0000000000000000D+00   0.0000000000000000D+00   0.1414545972150720D+01
 0.1000000000000000D+00   0.0000000000000000D+00   0.2236000532950956D+01   0.0000000000000000D+00   0.0000000000000000D+00   0.0000000000000000D+00   0.2339003596989487D+01
 0.1000000000000000D+00   0.0000000000000000D+00   0.2236000532950956D+01   0.0000000000000000D+00   0.0000000000000000D+00   0.0000000000000000D+00   0.2339003596989487D+01
 0.1202264434617414D+00   0.0000000000000000D+00   0.3371123705789822D+01   0.0000000000000000D+00   0.0000000000000000D+00   0.0000000000000000D+00   0.3526417081543635D+01
 0.1202264434617414D+00   0.0000000000000000D+00   0.3371123705789822D+01   0.0000000000000000D+00   0.0000000000000000D+00   0.0000000000000000D+00   0.3526417081543635D+01
 0.1445439770745928D+00   0.0000000000000000D+00   0.4630017104909573D+01   0.0000000000000000D+00   0.0000000000000000D+00   0.0000000000000000D+00   0.4843302361924740D+01
 0.1445439770745928D+00   0.0000000000000000D+00   0.4630017104909573D+01   0.0000000000000000D+00   0.0000000000000000D+00   0.0000000000000000D+00   0.4843302361924740D+01
 0.1737800828749375D+00   0.0000000000000000D+00   0.5815288416459508D+01   0.0000000000000000D+00   0.0000000000000000D+00   0.0000000000000000D+00   0.6083174097315132D+01
 0.1737800828749375D+00   0.0000000000000000D+00   0.5815288416459508D+01   0.0000000000000000D+00   0.0000000000000000D+00   0.0000000000000000D+00   0.6083174097315132D+01
 0.2089296130854040D+00   0.0000000000000000D+00   0.6728277575428047D+01   0.0000000000000000D+00   0.0000000000000000D+00   0.0000000000000000D+00   0.7038220795815476D+01
 0.2089296130854040D+00   0.0000000000000000D+00   0.6728277575428047D+01   0.0000000000000000D+00   0.0000000000000000D+00   0.0000000000000000D+00   0.7038220795815476D+01
 0.2511886431509581D+00   0.0000000000000000D+00   0.7232732669845622D+01   0.0000000000000000D+00   0.0000000000000000D+00   0.0000000000000000D+00   0.7565913997572086D+01
 0.2511886431509581D+00   0.0000000000000000D+00   0.7232732669845622D+01   0.0000000000000000D+00   0.0000000000000000D+00   0.0000000000000000D+00   0.7565913997572086D+01
 0.3019951720402017D+00   0.0000000000000000D+00   0.7281158215479046D+01   0.0000000000000000D+00   0.0000000000000000D+00   0.0000000000000000D+00   0.7616570302771295D+01
 0.3019951720402017D+00   0.0000000000000000D+00   0.7281158215479046D+01   0.0000000000000000D+00   0.0000000000000000D+00   0.0000000000000000D+00   0.7616570302771295D+01
 0.3630780547701015D+00   0.0000000000000000D+00   0.6907465730080989D+01   0.0000000000000000D+00   0.0000000000000000D+00   0.0000000000000000D+00   0.7225663389005740D+01
 0.3630780547701015D+00   0.0000000000000000D+00   0.6907465730080989D+01   0.0000000000000000D+00   0.0000000000000000D+00   0.0000000000000000D+00   0.7225663389005740D+01
 0.4365158322401662D+00   0.0000000000000000D+00   0.6205178409961931D+01   0.0000000000000000D+00   0.0000000000000000D+00   0.0000000000000000D+00   0.6491024669706913D+01
 0.4365158322401662D+00   0.0000000000000000D+00   0.6205178409961931D+01   0.0000000000000000D+00   0.0000000000000000D+00   0.0000000000000000D+00   0.6491024669706913D+01
 0.5248074602497730D+00   0.0000000000000000D+00   0.5303566836184805D+01   0.0000000000000000D+00   0.0000000000000000D+00   0.0000000000000000D+00   0.5547879673507439D+01
 0.5248074602497730D+00   0.0000000000000000D+00   0.5303566836184805D+01   0.0000000000000000D+00   0.0000000000000000D+00   0.0000000000000000D+00   0.5547879673507439D+01
 0.6309573444801938D+00   0.0000000000000000D+00   0.4344744488965088D+01   0.0000000000000000D+00   0.0000000000000000D+00   0.0000000000000000D+00   0.4544888446103287D+01
 0.6309573444801938D+00   0.0000000000000000D+00   0.4344744488965088D+01   0.0000000000000000D+00   0.0000000000000000D+00   0.0000000000000000D+00   0.4544888446103287D+01
 0.7585775750291844D+00   0.0000000000000000D+00   0.3462703976910688D+01   0.0000000000000000D+00   0.0000000000000000D+00   0.0000000000000000D+00   0.3622216067459921D+01
 0.7585775750291844D+00   0.0000000000000000D+00   0.3462703976910688D+01   0.0000000000000000D+00   0.0000000000000000D+00   0.0000000000000000D+00   0.3622216067459921D+01
 0.9120108393559099D+00   0.0000000000000000D+00   0.2766376460873325D+01   0.0000000000000000D+00   0.0000000000000000D+00   0.0000000000000000D+00   0.2893811695147604D+01
 0.9120108393559099D+00   0.0000000000000000D+00   0.2766376460873325D+01   0.0000000000000000D+00   0.0000000000000000D+00   0.0000000000000000D+00   0.2893811695147604D+01
 0.1096478196143186D+01   0.0000000000000000D+00   0.2328886623003648D+01   0.0000000000000000D+00   0.0000000000000000D+00   0.0000000000000000D+00   0.2436168555379191D+01
 0.1096478196143186D+01   0.0000000000000000D+00   0.2328886623003648D+01   0.0000000000000000D+00   0.0000000000000000D+00   0.0000000000000000D+00   0.2436168555379191D+01
 0.1318256738556407D+01   0.0000000000000000D+00   0.2183451648257253D+01   0.0000000000000000D+00   0.0000000000000000D+00   0.0000000000000000D+00   0.2284034007982215D+01
 0.1318256738556407D+01   0.0000000000000000D+00   0.2183451648257253D+01   0.0000000000000000D+00   0.0000000000000000D+00   0.0000000000000000D+00   0.2284034007982215D+01
 0.1584893192461114D+01   0.0000000000000000D+00   0.2323890684891758D+01   0.0000000000000000D+00   0.0000000000000000D+00   0.0000000000000000D+00   0.2430942475580979D+01
 0.1584893192461114D+01   0.0000000000000000D+00   0.2323890684891758D+01   0.0000000000000000D+00   0.0000000000000000D+00   0.0000000000000000D+00   0.2430942475580979D+01
 0.1905460717963249D+01   0.0000000000000000D+00   0.2708533990168843D+01   0.0000000000000000D+00   0.0000000000000000D+00   0.0000000000000000D+00   0.2833304667066538D+01
 0.1905460717963249D+01   0.0000000000000000D+00   0.2708533990168843D+01   0.0000000000000000D+00   0.0000000000000000D+00   0.0000000000000000D+00   0.2833304667066538D+01
 0.2290867652767775D+01   0.0000000000000000D+00   0.3264908869300013D+01   0.0000000000000000D+00   0.0000000000000000D+00   0.0000000000000000D+00   0.3415309377881579D+01
 0.2290867652767775D+01   0.0000000000000000D+00   0.3264908869300013D+01   0.0000000000000000D+00   0.0000000000000000D+00   0.0000000000000000D+00   0.3415309377881579D+01
 0.2754228703338169D+01   0.0000000000000000D+00   0.3897276911483592D+01   0.0000000000000000D+00   0.0000000000000000D+00   0.0000000000000000D+00   0.4076807934564182D+01
 0.2754228703338169D+01   0.0000000000000000D+00   0.3897276911483592D+01   0.0000000000000000D+00   0.0000000000000000D+00   0.0000000000000000D+00   0.4076807934564182D+01
 0.3311311214825912D+01   0.0000000000000000D+00   0.4497863279941317D+01   0.0000000000000000D+00   0.0000000000000000D+00   0.0000000000000000D+00   0.4705060770564863D+01
 0.3311311214825912D+01   0.0000000000000000D+00   0.4497863279941317D+01   0.0000000000000000D+00   0.0000000000000000D+00   0.0000000000000000D+00   0.4705060770564863D+01
 0.3981071705534977D+01   0.0000000000000000D+00   0.4962364636680821D+01   0.0000000000000000D+00   0.0000000000000000D+00   0.0000000000000000D+00   0.5190959735350140D+01
 0.3981071705534977D+01   0.0000000000000000D+00   0.4962364636680821D+01   0.0000000000000000D+00   0.0000000000000000D+00   0.0000000000000000D+00   0.5190959735350140D+01
 0.4786300923226385D+01   0.0000000000000000D+00   0.5207640873201878D+01   0.0000000000000000D+00   0.0000000000000000D+00   0.0000000000000000D+00   0.5447534808130492D+01
 0.4786300923226385D+01   0.0000000000000000D+00   0.5207640873201878D+01   0.0000000000000000D+00   0.0000000000000000D+00   0.0000000000000000D+00   0.5447534808130492D+01
 0.5754399373371577D+01   0.0000000000000000D+00   0.5187253576729233D+01   0.0000000000000000D+00   0.0000000000000000D+00   0.0000000000000000D+00   0.5426208355350325D+01
 0.5754399373371577D+01   0.0000000000000000D+00   0.5187253576729233D+01   0.0000000000000000D+00   0.0000000000000000D+00   0.0000000000000000D+00   0.5426208355350325D+01
 0.6918309709189369D+01   0.0000000000000000D+00   0.4899908708091526D+01   0.0000000000000000D+00   0.0000000000000000D+00   0.0000000000000000D+00   0.5125626726940306D+01
 0.6918309709189369D+01   0.0000000000000000D+00   0.4899908708091526D+01   0.0000000000000000D+00   0.0000000000000000D+00   0.0000000000000000D+00   0.5125626726940306D+01
 0.8317637711026709D+01   0.0000000000000000D+00   0.4387620871841261D+01   0.0000000000000000D+00   0.0000000000000000D+00   0.0000000000000000D+00   0.4589739962145149D+01
 0.8317637711026709D+01   0.0000000000000000D+00   0.4387620871841261D+01   0.0000000000000000D+00   0.0000000000000000D+00   0.0000000000000000D+00   0.4589739962145149D+01
