 diameters
 0.1000000000000000D-02
 0.1202264434617413D-02
 0.1445439770745928D-02
 0.1737800828749376D-02
 0.2089296130854040D-02
 0.2511886431509580D-02
 0.3019951720402017D-02
 0.3630780547701014D-02
 0.4365158322401660D-02
 0.5248074602497727D-02
 0.6309573444801934D-02
 0.7585775750291838D-02
 0.9120108393559099D-02
 0.1096478196143185D-01
 0.1318256738556407D-01
 0.1584893192461114D-01
 0.1905460717963248D-01
 0.2290867652767774D-01
 0.2754228703338168D-01
 0.3311311214825911D-01
 0.3981071705534973D-01
 0.4786300923226386D-01
 0.5754399373371569D-01
 0.6918309709189366D-01
 0.8317637711026712D-01
 0.1000000000000000D+00
 0.1202264434617414D+00
 0.1445439770745928D+00
 0.1737800828749375D+00
 0.2089296130854040D+00
 0.2511886431509581D+00
 0.3019951720402017D+00
 0.3630780547701015D+00
 0.4365158322401662D+00
 0.5248074602497730D+00
 0.6309573444801938D+00
 0.7585775750291844D+00
 0.9120108393559099D+00
 0.1096478196143186D+01
 0.1318256738556407D+01
 0.1584893192461114D+01
 0.1905460717963249D+01
 0.2290867652767775D+01
 0.2754228703338169D+01
 0.3311311214825912D+01
 0.3981071705534977D+01
 0.4786300923226385D+01
 0.5754399373371577D+01
 0.6918309709189369D+01
 0.8317637711026709D+01
 0.1000000000000001D+02
 ************************************
 0.1000000000000000D-02   0.0000000000000000D+00
 0.1000000000000000D-02   0.0000000000000000D+00
 0.1202264434617413D-02   0.0000000000000000D+00
 0.1202264434617413D-02   0.0000000000000000D+00
 0.1445439770745928D-02   0.0000000000000000D+00
 0.1445439770745928D-02   0.0000000000000000D+00
 0.1737800828749376D-02   0.
 0.1737800828749376D-02   0.
 0.2089296130854040D-02   0.
 0.2089296130854040D-02   0.
 0.2511886431509580D-02   0.1181263532005658D-84
 0.2511886431509580D-02   0.1181263532005658D-84
 0.3019951720402017D-02   0.7906515948821974D-61
 0.3019951720402017D-02   0.7906515948821974D-61
 0.3630780547701014D-02   0.3818204483043327D-42
 0.3630780547701014D-02   0.3818204483043327D-42
 0.4365158322401660D-02   0.5084318268406367D-28
 0.4365158322401660D-02   0.5084318268406367D-28
 0.5248074602497727D-02   0.1787229859137786D-17
 0.5248074602497727D-02   0.1787229859137786D-17
 0.6309573444801934D-02   0.1076129031147984D-09
 0.6309573444801934D-02   0.1076129031147984D-09
 0.7585775750291838D-02   0.1527428593539282D-05
 0.7585775750291838D-02   0.1527428593539282D-05
 0.9120108393559099D-02   0.6851234163245259D-03
 0.9120108393559099D-02   0.6851234163245259D-03
 0.1096478196143185D-01   0.5681466413020925D-01
 0.1096478196143185D-01   0.5681466413020925D-01
 0.1318256738556407D-01   0.1353637046539280D+01
 0.1318256738556407D-01   0.1353637046539280D+01
 0.1584893192461114D-01   0.1287442012724750D+02
 0.1584893192461114D-01   0.1287442012724750D+02
 0.1905460717963248D-01   0.6260499574242800D+02
 0.1905460717963248D-01   0.6260499574242800D+02
 0.2290867652767774D-01   0.1877056640477349D+03
 0.2290867652767774D-01   0.1877056640477349D+03
 0.2754228703338168D-01   0.4001046642413876D+03
 0.2754228703338168D-01   0.4001046642413876D+03
 0.3311311214825911D-01   0.6751442058456749D+03
 0.3311311214825911D-01   0.6751442058456749D+03
 0.3981071705534973D-01   0.9756721538911173D+03
 0.3981071705534973D-01   0.9756721538911173D+03
 0.4786300923226386D-01   0.1272080965721684D+04
 0.4786300923226386D-01   0.1272080965721684D+04
 0.5754399373371569D-01   0.1536790951824167D+04
 0.5754399373371569D-01   0.1536790951824167D+04
 0.6918309709189366D-01   0.1730733136119289D+04
 0.6918309709189366D-01   0.1730733136119289D+04
 0.8317637711026712D-01   0.1806921406937619D+04
 0.8317637711026712D-01   0.1806921406937619D+04
 0.1000000000000000D+00   0.1733807700390816D+04
 0.1000000000000000D+00   0.1733807700390816D+04
 0.1202264434617414D+00   0.1519138808748548D+04
 0.1202264434617414D+00   0.1519138808748548D+04
 0.1445439770745928D+00   0.1212859145903858D+04
 0.1445439770745928D+00   0.1212859145903858D+04
 0.1737800828749375D+00   0.8846997191919646D+03
 0.1737800828749375D+00   0.8846997191919646D+03
 0.2089296130854040D+00   0.5933914051004997D+03
 0.2089296130854040D+00   0.5933914051004997D+03
 0.2511886431509581D+00   0.3689970496650317D+03
 0.2511886431509581D+00   0.3689970496650317D+03
 0.3019951720402017D+00   0.2144624689154827D+03
 0.3019951720402017D+00   0.2144624689154827D+03
 0.3630780547701015D+00   0.1172887584383505D+03
 0.3630780547701015D+00   0.1172887584383505D+03
 0.4365158322401662D+00   0.6068272330202694D+02
 0.4365158322401662D+00   0.6068272330202694D+02
 0.5248074602497730D+00   0.2985382005351323D+02
 0.5248074602497730D+00   0.2985382005351323D+02
 0.6309573444801938D+00   0.1407009022131246D+02
 0.6309573444801938D+00   0.1407009022131246D+02
 0.7585775750291844D+00   0.6445832483737856D+01
 0.7585775750291844D+00   0.6445832483737856D+01
 0.9120108393559099D+00   0.2955229645493412D+01
 0.9120108393559099D+00   0.2955229645493412D+01
 0.1096478196143186D+01   0.1424260028879294D+01
 0.1096478196143186D+01   0.1424260028879294D+01
 0.1318256738556407D+01   0.7631655438613505D+00
 0.1318256738556407D+01   0.7631655438613505D+00
 0.1584893192461114D+01   0.4646079477033169D+00
 0.1584893192461114D+01   0.4646079477033169D+00
 0.1905460717963249D+01   0.3106217058804617D+00
 0.1905460717963249D+01   0.3106217058804617D+00
 0.2290867652767775D+01   0.2153501223477134D+00
 0.2290867652767775D+01   0.2153501223477134D+00
 0.2754228703338169D+01   0.1480827648831294D+00
 0.2754228703338169D+01   0.1480827648831294D+00
 0.3311311214825912D+01   0.9852747414101294D-01
 0.3311311214825912D+01   0.9852747414101294D-01
 0.3981071705534977D+01   0.6268996414471109D-01
 0.3981071705534977D+01   0.6268996414471109D-01
 0.4786300923226385D+01   0.3794655834253956D-01
 0.4786300923226385D+01   0.3794655834253956D-01
 0.5754399373371577D+01   0.2180303778787920D-01
 0.5754399373371577D+01   0.2180303778787920D-01
 0.6918309709189369D+01   0.1188025556573550D-01
 0.6918309709189369D+01   0.1188025556573550D-01
 0.8317637711026709D+01   0.6136607767954513D-02
 0.8317637711026709D+01   0.6136607767954513D-02
