 diameters
 0.1000000000000000D-02
 0.1202264434617413D-02
 0.1445439770745928D-02
 0.1737800828749376D-02
 0.2089296130854040D-02
 0.2511886431509580D-02
 0.3019951720402017D-02
 0.3630780547701014D-02
 0.4365158322401660D-02
 0.5248074602497727D-02
 0.6309573444801934D-02
 0.7585775750291838D-02
 0.9120108393559099D-02
 0.1096478196143185D-01
 0.1318256738556407D-01
 0.1584893192461114D-01
 0.1905460717963248D-01
 0.2290867652767774D-01
 0.2754228703338168D-01
 0.3311311214825911D-01
 0.3981071705534973D-01
 0.4786300923226386D-01
 0.5754399373371569D-01
 0.6918309709189366D-01
 0.8317637711026712D-01
 0.1000000000000000D+00
 0.1202264434617414D+00
 0.1445439770745928D+00
 0.1737800828749375D+00
 0.2089296130854040D+00
 0.2511886431509581D+00
 0.3019951720402017D+00
 0.3630780547701015D+00
 0.4365158322401662D+00
 0.5248074602497730D+00
 0.6309573444801938D+00
 0.7585775750291844D+00
 0.9120108393559099D+00
 0.1096478196143186D+01
 0.1318256738556407D+01
 0.1584893192461114D+01
 0.1905460717963249D+01
 0.2290867652767775D+01
 0.2754228703338169D+01
 0.3311311214825912D+01
 0.3981071705534977D+01
 0.4786300923226385D+01
 0.5754399373371577D+01
 0.6918309709189369D+01
 0.8317637711026709D+01
 0.1000000000000001D+02
 ************************************
 0.1000000000000000D-02   0.0000000000000000D+00   0.0000000000000000D+00   0.0000000000000000D+00   0.0000000000000000D+00   0.0000000000000000D+00   0.0000000000000000D+00
 0.1000000000000000D-02   0.0000000000000000D+00   0.0000000000000000D+00   0.0000000000000000D+00   0.0000000000000000D+00   0.0000000000000000D+00   0.0000000000000000D+00
 0.1202264434617413D-02   0.0000000000000000D+00   0.0000000000000000D+00   0.0000000000000000D+00   0.0000000000000000D+00   0.0000000000000000D+00   0.0000000000000000D+00
 0.1202264434617413D-02   0.0000000000000000D+00   0.0000000000000000D+00   0.0000000000000000D+00   0.0000000000000000D+00   0.0000000000000000D+00   0.0000000000000000D+00
 0.1445439770745928D-02   0.0000000000000000D+00   0.2666425498618404D-15   0.0000000000000000D+00   0.0000000000000000D+00   0.0000000000000000D+00   0.0000000000000000D+00
 0.1445439770745928D-02   0.0000000000000000D+00   0.2666425498618404D-15   0.0000000000000000D+00   0.0000000000000000D+00   0.0000000000000000D+00   0.0000000000000000D+00
 0.1737800828749376D-02   0.0000000000000000D+00   0.0000000000000000D+00   0.0000000000000000D+00   0.0000000000000000D+00   0.0000000000000000D+00   0.8604600787015367D-10
 0.1737800828749376D-02   0.0000000000000000D+00   0.0000000000000000D+00   0.0000000000000000D+00   0.0000000000000000D+00   0.0000000000000000D+00   0.8604600787015367D-10
 0.2089296130854040D-02   0.0000000000000000D+00   0.0000000000000000D+00   0.0000000000000000D+00   0.0000000000000000D+00   0.0000000000000000D+00   0.6239968127124331D-09
 0.2089296130854040D-02   0.0000000000000000D+00   0.0000000000000000D+00   0.0000000000000000D+00   0.0000000000000000D+00   0.0000000000000000D+00   0.6239968127124331D-09
 0.2511886431509580D-02   0.0000000000000000D+00   0.0000000000000000D+00   0.0000000000000000D+00   0.0000000000000000D+00   0.0000000000000000D+00   0.4117432497155983D-08
 0.2511886431509580D-02   0.0000000000000000D+00   0.0000000000000000D+00   0.0000000000000000D+00   0.0000000000000000D+00   0.0000000000000000D+00   0.4117432497155983D-08
 0.3019951720402017D-02   0.0000000000000000D+00   0.0000000000000000D+00   0.0000000000000000D+00   0.0000000000000000D+00   0.0000000000000000D+00   0.2475491443120090D-07
 0.3019951720402017D-02   0.0000000000000000D+00   0.0000000000000000D+00   0.0000000000000000D+00   0.0000000000000000D+00   0.0000000000000000D+00   0.2475491443120090D-07
 0.3630780547701014D-02   0.0000000000000000D+00   0.0000000000000000D+00   0.0000000000000000D+00   0.0000000000000000D+00   0.0000000000000000D+00   0.1357912667025656D-06
 0.3630780547701014D-02   0.0000000000000000D+00   0.0000000000000000D+00   0.0000000000000000D+00   0.0000000000000000D+00   0.0000000000000000D+00   0.1357912667025656D-06
 0.4365158322401660D-02   0.0000000000000000D+00   0.0000000000000000D+00   0.0000000000000000D+00   0.0000000000000000D+00   0.0000000000000000D+00   0.6790620266243690D-06
 0.4365158322401660D-02   0.0000000000000000D+00   0.0000000000000000D+00   0.0000000000000000D+00   0.0000000000000000D+00   0.0000000000000000D+00   0.6790620266243690D-06
 0.5248074602497727D-02   0.0000000000000000D+00   0.0000000000000000D+00   0.0000000000000000D+00   0.0000000000000000D+00   0.0000000000000000D+00   0.3104243329052967D-05
 0.5248074602497727D-02   0.0000000000000000D+00   0.0000000000000000D+00   0.0000000000000000D+00   0.0000000000000000D+00   0.0000000000000000D+00   0.3104243329052967D-05
 0.6309573444801934D-02   0.0000000000000000D+00   0.0000000000000000D+00   0.0000000000000000D+00   0.0000000000000000D+00   0.0000000000000000D+00   0.1297357535317713D-04
 0.6309573444801934D-02   0.0000000000000000D+00   0.0000000000000000D+00   0.0000000000000000D+00   0.0000000000000000D+00   0.0000000000000000D+00   0.1297357535317713D-04
 0.7585775750291838D-02   0.0000000000000000D+00   0.0000000000000000D+00   0.0000000000000000D+00   0.0000000000000000D+00   0.0000000000000000D+00   0.4965878545714150D-04
 0.7585775750291838D-02   0.0000000000000000D+00   0.0000000000000000D+00   0.0000000000000000D+00   0.0000000000000000D+00   0.0000000000000000D+00   0.4965878545714150D-04
 0.9120108393559099D-02   0.0000000000000000D+00   0.6718808912056794D-11   0.0000000000000000D+00   0.0000000000000000D+00   0.0000000000000000D+00   0.1741961549396297D-03
 0.9120108393559099D-02   0.0000000000000000D+00   0.6718808912056794D-11   0.0000000000000000D+00   0.0000000000000000D+00   0.0000000000000000D+00   0.1741961549396297D-03
 0.1096478196143185D-01   0.0000000000000000D+00   0.8482343109928668D-11   0.0000000000000000D+00   0.0000000000000000D+00   0.0000000000000000D+00   0.5613132022187763D-03
 0.1096478196143185D-01   0.0000000000000000D+00   0.8482343109928668D-11   0.0000000000000000D+00   0.0000000000000000D+00   0.0000000000000000D+00   0.5613132022187763D-03
 0.1318256738556407D-01   0.0000000000000000D+00   0.8482343109928668D-11   0.0000000000000000D+00   0.0000000000000000D+00   0.0000000000000000D+00   0.1663270891859172D-02
 0.1318256738556407D-01   0.0000000000000000D+00   0.8482343109928668D-11   0.0000000000000000D+00   0.0000000000000000D+00   0.0000000000000000D+00   0.1663270891859172D-02
 0.1584893192461114D-01   0.0000000000000000D+00   0.8482343109928613D-11   0.0000000000000000D+00   0.0000000000000000D+00   0.0000000000000000D+00   0.4560013955565940D-02
 0.1584893192461114D-01   0.0000000000000000D+00   0.8482343109928613D-11   0.0000000000000000D+00   0.0000000000000000D+00   0.0000000000000000D+00   0.4560013955565940D-02
 0.1905460717963248D-01   0.0000000000000000D+00   0.8482343109928668D-11   0.0000000000000000D+00   0.0000000000000000D+00   0.0000000000000000D+00   0.1258704259108415D-01
 0.1905460717963248D-01   0.0000000000000000D+00   0.8482343109928668D-11   0.0000000000000000D+00   0.0000000000000000D+00   0.0000000000000000D+00   0.1258704259108415D-01
 0.2290867652767774D-01   0.0000000000000000D+00   0.8482343109928668D-11   0.0000000000000000D+00   0.0000000000000000D+00   0.0000000000000000D+00   0.4981354242681632D-01
 0.2290867652767774D-01   0.0000000000000000D+00   0.8482343109928668D-11   0.0000000000000000D+00   0.0000000000000000D+00   0.0000000000000000D+00   0.4981354242681632D-01
 0.2754228703338168D-01   0.0000000000000000D+00   0.8482343109928613D-11   0.0000000000000000D+00   0.0000000000000000D+00   0.0000000000000000D+00   0.2378033079536847D+00
 0.2754228703338168D-01   0.0000000000000000D+00   0.8482343109928613D-11   0.0000000000000000D+00   0.0000000000000000D+00   0.0000000000000000D+00   0.2378033079536847D+00
 0.3311311214825911D-01   0.0000000000000000D+00   0.8482343109928668D-11   0.0000000000000000D+00   0.0000000000000000D+00   0.0000000000000000D+00   0.6682801979142107D+00
 0.3311311214825911D-01   0.0000000000000000D+00   0.8482343109928668D-11   0.0000000000000000D+00   0.0000000000000000D+00   0.0000000000000000D+00   0.6682801979142107D+00
 0.3981071705534973D-01   0.0000000000000000D+00   0.8482343109928668D-11   0.0000000000000000D+00   0.0000000000000000D+00   0.0000000000000000D+00   0.8893809667606249D+00
 0.3981071705534973D-01   0.0000000000000000D+00   0.8482343109928668D-11   0.0000000000000000D+00   0.0000000000000000D+00   0.0000000000000000D+00   0.8893809667606249D+00
 0.4786300923226386D-01   0.0000000000000000D+00   0.3003989411858816D-08   0.0000000000000000D+00   0.0000000000000000D+00   0.0000000000000000D+00   0.6965825611481041D+00
 0.4786300923226386D-01   0.0000000000000000D+00   0.3003989411858816D-08   0.0000000000000000D+00   0.0000000000000000D+00   0.0000000000000000D+00   0.6965825611481041D+00
 0.5754399373371569D-01   0.0000000000000000D+00   0.2034535655975844D-02   0.0000000000000000D+00   0.0000000000000000D+00   0.0000000000000000D+00   0.6504315568285555D+00
 0.5754399373371569D-01   0.0000000000000000D+00   0.2034535655975844D-02   0.0000000000000000D+00   0.0000000000000000D+00   0.0000000000000000D+00   0.6504315568285555D+00
 0.6918309709189366D-01   0.0000000000000000D+00   0.1878595146976847D+00   0.0000000000000000D+00   0.0000000000000000D+00   0.0000000000000000D+00   0.8782568631290301D+00
 0.6918309709189366D-01   0.0000000000000000D+00   0.1878595146976847D+00   0.0000000000000000D+00   0.0000000000000000D+00   0.0000000000000000D+00   0.8782568631290301D+00
 0.8317637711026712D-01   0.0000000000000000D+00   0.1751348897177881D+01   0.0000000000000000D+00   0.0000000000000000D+00   0.0000000000000000D+00   0.1210611560730092D+01
 0.8317637711026712D-01   0.0000000000000000D+00   0.1751348897177881D+01   0.0000000000000000D+00   0.0000000000000000D+00   0.0000000000000000D+00   0.1210611560730092D+01
 0.1000000000000000D+00   0.0000000000000000D+00   0.1335211209050958D+01   0.0000000000000000D+00   0.0000000000000000D+00   0.0000000000000000D+00   0.1560866621147945D+01
 0.1000000000000000D+00   0.0000000000000000D+00   0.1335211209050958D+01   0.0000000000000000D+00   0.0000000000000000D+00   0.0000000000000000D+00   0.1560866621147945D+01
 0.1202264434617414D+00   0.0000000000000000D+00   0.1779000906042133D+01   0.0000000000000000D+00   0.0000000000000000D+00   0.0000000000000000D+00   0.1872039294889583D+01
 0.1202264434617414D+00   0.0000000000000000D+00   0.1779000906042133D+01   0.0000000000000000D+00   0.0000000000000000D+00   0.0000000000000000D+00   0.1872039294889583D+01
 0.1445439770745928D+00   0.0000000000000000D+00   0.2444407886673053D+01   0.0000000000000000D+00   0.0000000000000000D+00   0.0000000000000000D+00   0.2087169824161348D+01
 0.1445439770745928D+00   0.0000000000000000D+00   0.2444407886673053D+01   0.0000000000000000D+00   0.0000000000000000D+00   0.0000000000000000D+00   0.2087169824161348D+01
 0.1737800828749375D+00   0.0000000000000000D+00   0.2719541839652591D+01   0.0000000000000000D+00   0.0000000000000000D+00   0.0000000000000000D+00   0.2161248995111615D+01
 0.1737800828749375D+00   0.0000000000000000D+00   0.2719541839652591D+01   0.0000000000000000D+00   0.0000000000000000D+00   0.0000000000000000D+00   0.2161248995111615D+01
 0.2089296130854040D+00   0.0000000000000000D+00   0.2668098698100230D+01   0.0000000000000000D+00   0.0000000000000000D+00   0.0000000000000000D+00   0.2076019942169432D+01
 0.2089296130854040D+00   0.0000000000000000D+00   0.2668098698100230D+01   0.0000000000000000D+00   0.0000000000000000D+00   0.0000000000000000D+00   0.2076019942169432D+01
 0.2511886431509581D+00   0.0000000000000000D+00   0.2339037135619435D+01   0.0000000000000000D+00   0.0000000000000000D+00   0.0000000000000000D+00   0.1847372973396506D+01
 0.2511886431509581D+00   0.0000000000000000D+00   0.2339037135619435D+01   0.0000000000000000D+00   0.0000000000000000D+00   0.0000000000000000D+00   0.1847372973396506D+01
 0.3019951720402017D+00   0.0000000000000000D+00   0.1878539739942517D+01   0.0000000000000000D+00   0.0000000000000000D+00   0.0000000000000000D+00   0.1521556469171315D+01
 0.3019951720402017D+00   0.0000000000000000D+00   0.1878539739942517D+01   0.0000000000000000D+00   0.0000000000000000D+00   0.0000000000000000D+00   0.1521556469171315D+01
 0.3630780547701015D+00   0.0000000000000000D+00   0.1386756826290819D+01   0.0000000000000000D+00   0.0000000000000000D+00   0.0000000000000000D+00   0.1161488848150046D+01
 0.3630780547701015D+00   0.0000000000000000D+00   0.1386756826290819D+01   0.0000000000000000D+00   0.0000000000000000D+00   0.0000000000000000D+00   0.1161488848150046D+01
 0.4365158322401662D+00   0.0000000000000000D+00   0.9498779644112015D+00   0.0000000000000000D+00   0.0000000000000000D+00   0.0000000000000000D+00   0.8291119139616853D+00
 0.4365158322401662D+00   0.0000000000000000D+00   0.9498779644112015D+00   0.0000000000000000D+00   0.0000000000000000D+00   0.0000000000000000D+00   0.8291119139616853D+00
 0.5248074602497730D+00   0.0000000000000000D+00   0.6220601908324028D+00   0.0000000000000000D+00   0.0000000000000000D+00   0.0000000000000000D+00   0.5714166204904041D+00
 0.5248074602497730D+00   0.0000000000000000D+00   0.6220601908324028D+00   0.0000000000000000D+00   0.0000000000000000D+00   0.0000000000000000D+00   0.5714166204904041D+00
 0.6309573444801938D+00   0.0000000000000000D+00   0.4264060296265780D+00   0.0000000000000000D+00   0.0000000000000000D+00   0.0000000000000000D+00   0.4153418852380580D+00
 0.6309573444801938D+00   0.0000000000000000D+00   0.4264060296265780D+00   0.0000000000000000D+00   0.0000000000000000D+00   0.0000000000000000D+00   0.4153418852380580D+00
 0.7585775750291844D+00   0.0000000000000000D+00   0.3634554455020997D+00   0.0000000000000000D+00   0.0000000000000000D+00   0.0000000000000000D+00   0.3716469440408218D+00
 0.7585775750291844D+00   0.0000000000000000D+00   0.3634554455020997D+00   0.0000000000000000D+00   0.0000000000000000D+00   0.0000000000000000D+00   0.3716469440408218D+00
 0.9120108393559099D+00   0.0000000000000000D+00   0.4236365410515783D+00   0.0000000000000000D+00   0.0000000000000000D+00   0.0000000000000000D+00   0.4433088585605723D+00
 0.9120108393559099D+00   0.0000000000000000D+00   0.4236365410515783D+00   0.0000000000000000D+00   0.0000000000000000D+00   0.0000000000000000D+00   0.4433088585605723D+00
 0.1096478196143186D+01   0.0000000000000000D+00   0.6025366209536184D+00   0.0000000000000000D+00   0.0000000000000000D+00   0.0000000000000000D+00   0.6325760192116588D+00
 0.1096478196143186D+01   0.0000000000000000D+00   0.6025366209536184D+00   0.0000000000000000D+00   0.0000000000000000D+00   0.0000000000000000D+00   0.6325760192116588D+00
 0.1318256738556407D+01   0.0000000000000000D+00   0.9010187578072758D+00   0.0000000000000000D+00   0.0000000000000000D+00   0.0000000000000000D+00   0.9426857551122751D+00
 0.1318256738556407D+01   0.0000000000000000D+00   0.9010187578072758D+00   0.0000000000000000D+00   0.0000000000000000D+00   0.0000000000000000D+00   0.9426857551122751D+00
 0.1584893192461114D+01   0.0000000000000000D+00   0.1317753744755428D+01   0.0000000000000000D+00   0.0000000000000000D+00   0.0000000000000000D+00   0.1373630558426532D+01
 0.1584893192461114D+01   0.0000000000000000D+00   0.1317753744755428D+01   0.0000000000000000D+00   0.0000000000000000D+00   0.0000000000000000D+00   0.1373630558426532D+01
 0.1905460717963249D+01   0.0000000000000000D+00   0.1841367096197597D+01   0.0000000000000000D+00   0.0000000000000000D+00   0.0000000000000000D+00   0.1914283172970596D+01
 0.1905460717963249D+01   0.0000000000000000D+00   0.1841367096197597D+01   0.0000000000000000D+00   0.0000000000000000D+00   0.0000000000000000D+00   0.1914283172970596D+01
 0.2290867652767775D+01   0.0000000000000000D+00   0.2442634145668988D+01   0.0000000000000000D+00   0.0000000000000000D+00   0.0000000000000000D+00   0.2534747009033767D+01
 0.2290867652767775D+01   0.0000000000000000D+00   0.2442634145668988D+01   0.0000000000000000D+00   0.0000000000000000D+00   0.0000000000000000D+00   0.2534747009033767D+01
 0.2754228703338169D+01   0.0000000000000000D+00   0.3071804928530832D+01   0.0000000000000000D+00   0.0000000000000000D+00   0.0000000000000000D+00   0.3182903825326183D+01
 0.2754228703338169D+01   0.0000000000000000D+00   0.3071804928530832D+01   0.0000000000000000D+00   0.0000000000000000D+00   0.0000000000000000D+00   0.3182903825326183D+01
 0.3311311214825912D+01   0.0000000000000000D+00   0.3659300264887745D+01   0.0000000000000000D+00   0.0000000000000000D+00   0.0000000000000000D+00   0.3787936372409803D+01
 0.3311311214825912D+01   0.0000000000000000D+00   0.3659300264887745D+01   0.0000000000000000D+00   0.0000000000000000D+00   0.0000000000000000D+00   0.3787936372409803D+01
 0.3981071705534977D+01   0.0000000000000000D+00   0.4123435534820787D+01   0.0000000000000000D+00   0.0000000000000000D+00   0.0000000000000000D+00   0.4271317259430575D+01
 0.3981071705534977D+01   0.0000000000000000D+00   0.4123435534820787D+01   0.0000000000000000D+00   0.0000000000000000D+00   0.0000000000000000D+00   0.4271317259430575D+01
 0.4786300923226385D+01   0.0000000000000000D+00   0.4399855857432891D+01   0.0000000000000000D+00   0.0000000000000000D+00   0.0000000000000000D+00   0.4562916738556886D+01
 0.4786300923226385D+01   0.0000000000000000D+00   0.4399855857432891D+01   0.0000000000000000D+00   0.0000000000000000D+00   0.0000000000000000D+00   0.4562916738556886D+01
 0.5754399373371577D+01   0.0000000000000000D+00   0.4445543467769476D+01   0.0000000000000000D+00   0.0000000000000000D+00   0.0000000000000000D+00   0.4617512166563345D+01
 0.5754399373371577D+01   0.0000000000000000D+00   0.4445543467769476D+01   0.0000000000000000D+00   0.0000000000000000D+00   0.0000000000000000D+00   0.4617512166563345D+01
 0.6918309709189369D+01   0.0000000000000000D+00   0.4253167759650936D+01   0.0000000000000000D+00   0.0000000000000000D+00   0.0000000000000000D+00   0.4426224327631378D+01
 0.6918309709189369D+01   0.0000000000000000D+00   0.4253167759650936D+01   0.0000000000000000D+00   0.0000000000000000D+00   0.0000000000000000D+00   0.4426224327631378D+01
 0.8317637711026709D+01   0.0000000000000000D+00   0.3737479687941199D+01   0.0000000000000000D+00   0.0000000000000000D+00   0.0000000000000000D+00   0.4018845725896464D+01
 0.8317637711026709D+01   0.0000000000000000D+00   0.3737479687941199D+01   0.0000000000000000D+00   0.0000000000000000D+00   0.0000000000000000D+00   0.4018845725896464D+01
