 diameters
 0.1000000000000000D-02
 0.1202264434617413D-02
 0.1445439770745928D-02
 0.1737800828749376D-02
 0.2089296130854040D-02
 0.2511886431509580D-02
 0.3019951720402017D-02
 0.3630780547701014D-02
 0.4365158322401660D-02
 0.5248074602497727D-02
 0.6309573444801934D-02
 0.7585775750291838D-02
 0.9120108393559099D-02
 0.1096478196143185D-01
 0.1318256738556407D-01
 0.1584893192461114D-01
 0.1905460717963248D-01
 0.2290867652767774D-01
 0.2754228703338168D-01
 0.3311311214825911D-01
 0.3981071705534973D-01
 0.4786300923226386D-01
 0.5754399373371569D-01
 0.6918309709189366D-01
 0.8317637711026712D-01
 0.1000000000000000D+00
 0.1202264434617414D+00
 0.1445439770745928D+00
 0.1737800828749375D+00
 0.2089296130854040D+00
 0.2511886431509581D+00
 0.3019951720402017D+00
 0.3630780547701015D+00
 0.4365158322401662D+00
 0.5248074602497730D+00
 0.6309573444801938D+00
 0.7585775750291844D+00
 0.9120108393559099D+00
 0.1096478196143186D+01
 0.1318256738556407D+01
 0.1584893192461114D+01
 0.1905460717963249D+01
 0.2290867652767775D+01
 0.2754228703338169D+01
 0.3311311214825912D+01
 0.3981071705534977D+01
 0.4786300923226385D+01
 0.5754399373371577D+01
 0.6918309709189369D+01
 0.8317637711026709D+01
 0.1000000000000001D+02
 ************************************
 0.1000000000000000D-02   0.0000000000000000D+00
 0.1000000000000000D-02   0.0000000000000000D+00
 0.1202264434617413D-02   0.0000000000000000D+00
 0.1202264434617413D-02   0.0000000000000000D+00
 0.1445439770745928D-02   0.6579010151208873D-07
 0.1445439770745928D-02   0.6579010151208873D-07
 0.1737800828749376D-02   0.0000000000000000D+00
 0.1737800828749376D-02   0.0000000000000000D+00
 0.2089296130854040D-02   0.0000000000000000D+00
 0.2089296130854040D-02   0.0000000000000000D+00
 0.2511886431509580D-02   0.0000000000000000D+00
 0.2511886431509580D-02   0.0000000000000000D+00
 0.3019951720402017D-02   0.0000000000000000D+00
 0.3019951720402017D-02   0.0000000000000000D+00
 0.3630780547701014D-02   0.0000000000000000D+00
 0.3630780547701014D-02   0.0000000000000000D+00
 0.4365158322401660D-02   0.0000000000000000D+00
 0.4365158322401660D-02   0.0000000000000000D+00
 0.5248074602497727D-02   0.0000000000000000D+00
 0.5248074602497727D-02   0.0000000000000000D+00
 0.6309573444801934D-02   0.0000000000000000D+00
 0.6309573444801934D-02   0.0000000000000000D+00
 0.7585775750291838D-02   0.0000000000000000D+00
 0.7585775750291838D-02   0.0000000000000000D+00
 0.9120108393559099D-02   0.3956578953283386D-07
 0.9120108393559099D-02   0.3956578953283386D-07
 0.1096478196143185D-01   0.4840653323819407D-07
 0.1096478196143185D-01   0.4840653323819407D-07
 0.1318256738556407D-01   0.4840653323819407D-07
 0.1318256738556407D-01   0.4840653323819407D-07
 0.1584893192461114D-01   0.4840653323819376D-07
 0.1584893192461114D-01   0.4840653323819376D-07
 0.1905460717963248D-01   0.4840653323819407D-07
 0.1905460717963248D-01   0.4840653323819407D-07
 0.2290867652767774D-01   0.4840653323819407D-07
 0.2290867652767774D-01   0.4840653323819407D-07
 0.2754228703338168D-01   0.4840653323819376D-07
 0.2754228703338168D-01   0.4840653323819376D-07
 0.3311311214825911D-01   0.4840653323819407D-07
 0.3311311214825911D-01   0.4840653323819407D-07
 0.3981071705534973D-01   0.4840653323819407D-07
 0.3981071705534973D-01   0.4840653323819407D-07
 0.4786300923226386D-01   0.1650408518809275D-04
 0.4786300923226386D-01   0.1650408518809275D-04
 0.5754399373371569D-01   0.6966951304298989D+01
 0.5754399373371569D-01   0.6966951304298989D+01
 0.6918309709189366D-01   0.3724130343448934D+03
 0.6918309709189366D-01   0.3724130343448934D+03
 0.8317637711026712D-01   0.2367726278510728D+04
 0.8317637711026712D-01   0.2367726278510728D+04
 0.1000000000000000D+00   0.1076010263122953D+04
 0.1000000000000000D+00   0.1076010263122953D+04
 0.1202264434617414D+00   0.8154839227916760D+03
 0.1202264434617414D+00   0.8154839227916760D+03
 0.1445439770745928D+00   0.6258431020528253D+03
 0.1445439770745928D+00   0.6258431020528253D+03
 0.1737800828749375D+00   0.4249769032589395D+03
 0.1737800828749375D+00   0.4249769032589395D+03
 0.2089296130854040D+00   0.2327247569507336D+03
 0.2089296130854040D+00   0.2327247569507336D+03
 0.2511886431509581D+00   0.1192715661400015D+03
 0.2511886431509581D+00   0.1192715661400015D+03
 0.3019951720402017D+00   0.5687805371056500D+02
 0.3019951720402017D+00   0.5687805371056500D+02
 0.3630780547701015D+00   0.2456930986411176D+02
 0.3630780547701015D+00   0.2456930986411176D+02
 0.4365158322401662D+00   0.9715959255041216D+01
 0.4365158322401662D+00   0.9715959255041216D+01
 0.5248074602497730D+00   0.3627246689538339D+01
 0.5248074602497730D+00   0.3627246689538339D+01
 0.6309573444801938D+00   0.1401357362429339D+01
 0.6309573444801938D+00   0.1401357362429339D+01
 0.7585775750291844D+00   0.6702591158928745D+00
 0.7585775750291844D+00   0.6702591158928745D+00
 0.9120108393559099D+00   0.4420358446794944D+00
 0.9120108393559099D+00   0.4420358446794944D+00
 0.1096478196143186D+01   0.3599726848307769D+00
 0.1096478196143186D+01   0.3599726848307769D+00
 0.1318256738556407D+01   0.3098505246895413D+00
 0.1318256738556407D+01   0.3098505246895413D+00
 0.1584893192461114D+01   0.2610444938984932D+00
 0.1584893192461114D+01   0.2610444938984932D+00
 0.1905460717963249D+01   0.2100464911088600D+00
 0.1905460717963249D+01   0.2100464911088600D+00
 0.2290867652767775D+01   0.1603713621333843D+00
 0.2290867652767775D+01   0.1603713621333843D+00
 0.2754228703338169D+01   0.1159248632540782D+00
 0.2754228703338169D+01   0.1159248632540782D+00
 0.3311311214825912D+01   0.7927205253982950D-01
 0.3311311214825912D+01   0.7927205253982950D-01
 0.3981071705534977D+01   0.5144985245713284D-01
 0.3981071705534977D+01   0.5144985245713284D-01
 0.4786300923226385D+01   0.3162564796260302D-01
 0.4786300923226385D+01   0.3162564796260302D-01
 0.5754399373371577D+01   0.1841055029307322D-01
 0.5754399373371577D+01   0.1841055029307322D-01
 0.6918309709189369D+01   0.1014971472649629D-01
 0.6918309709189369D+01   0.1014971472649629D-01
 0.8317637711026709D+01   0.5206143706984038D-02
 0.8317637711026709D+01   0.5206143706984038D-02
